<?xml version="1.0" encoding="UTF-8"?>
<testng-results skipped="0" failed="0" total="1" passed="1">
  <reporter-output>
  </reporter-output>
  <suite name="Suite1" duration-ms="61163" started-at="2021-04-20T08:50:12Z" finished-at="2021-04-20T08:51:14Z">
    <groups>
    </groups>
    <test name="Command line test e31a059d-3aab-4e16-aea1-331a96626a16" duration-ms="61163" started-at="2021-04-20T08:50:12Z" finished-at="2021-04-20T08:51:14Z">
      <class name="org.testing.TestScripts.TC1">
        <test-method status="PASS" signature="init()[pri:0, instance:org.testing.TestScripts.TC1@7a5d012c]" name="init" is-config="true" duration-ms="11076" started-at="2021-04-20T18:50:12Z" finished-at="2021-04-20T18:50:23Z">
          <reporter-output>
          </reporter-output>
        </test-method> <!-- init -->
        <test-method status="PASS" signature="testcase1()[pri:0, instance:org.testing.TestScripts.TC1@7a5d012c]" name="testcase1" duration-ms="50087" started-at="2021-04-20T18:50:23Z" finished-at="2021-04-20T18:51:14Z">
          <reporter-output>
          </reporter-output>
        </test-method> <!-- testcase1 -->
      </class> <!-- org.testing.TestScripts.TC1 -->
    </test> <!-- Command line test e31a059d-3aab-4e16-aea1-331a96626a16 -->
  </suite> <!-- Suite1 -->
</testng-results>
